<?xml version="1.0" encoding="UTF-8"?>
<!-- Generated by org.testng.reporters.JUnitReportReporter -->
<testsuite hostname="Abishek" failures="0" tests="1" name="amazon.HomePage" time="0.111" errors="0" timestamp="2022-07-04T22:59:54 IST" skipped="0">
  <testcase classname="amazon.HomePage" name="ClickSearch" time="0.111"/>
  <system-out/>
</testsuite> <!-- amazon.HomePage -->
