<?xml version="1.0" encoding="UTF-8"?>
<!-- Generated by org.testng.reporters.JUnitReportReporter -->
<testsuite hostname="Abishek" failures="0" tests="2" name="amazon.HomePageTest" time="24.800" errors="0" timestamp="2022-07-21T13:41:09 IST" skipped="0">
  <testcase classname="amazon.HomePageTest" name="SearchButton" time="3.640"/>
  <system-out/>
  <testcase classname="amazon.HomePageTest" name="ClickSearch" time="21.160"/>
  <system-out/>
</testsuite> <!-- amazon.HomePageTest -->
